<?xml version="1.0" encoding="UTF-8"?>
<testsuite name="org.blockchain.solc.compiler.test.SolidityCompilerTest" tests="1" skipped="0" failures="0" errors="0" timestamp="2023-01-16T01:30:00" hostname="Eleven" time="0.938">
  <properties/>
  <testcase name="ecdsasolidityCompilerTest" classname="org.blockchain.solc.compiler.test.SolidityCompilerTest" time="0.938"/>
  <system-out><![CDATA[2023-01-16 09:30:00 DEBUG Test worker SolidityCompiler:313 -  source: /Users/eleven/Eleven/idea-conflux/solidity-compiler-java/build/resources/test/contracts/Asset.sol, sm: false
2023-01-16 09:30:00 DEBUG Test worker CompilationResult:24 - rawJson: {"contracts":{"/Users/eleven/Eleven/idea-conflux/solidity-compiler-java/build/resources/test/contracts/Asset.sol:Asset":{"abi":"[{\"constant\":false,\"inputs\":[{\"name\":\"from_account\",\"type\":\"string\"},{\"name\":\"to_account\",\"type\":\"string\"},{\"name\":\"amount\",\"type\":\"uint256\"}],\"name\":\"transfer\",\"outputs\":[{\"name\":\"\",\"type\":\"int256\"}],\"payable\":false,\"stateMutability\":\"nonpayable\",\"type\":\"function\"},{\"constant\":false,\"inputs\":[{\"name\":\"account\",\"type\":\"string\"},{\"name\":\"asset_value\",\"type\":\"uint256\"}],\"name\":\"register\",\"outputs\":[{\"name\":\"\",\"type\":\"int256\"}],\"payable\":false,\"stateMutability\":\"nonpayable\",\"type\":\"function\"},{\"constant\":true,\"inputs\":[{\"name\":\"account\",\"type\":\"string\"}],\"name\":\"select\",\"outputs\":[{\"name\":\"\",\"type\":\"int256\"},{\"name\":\"\",\"type\":\"uint256\"}],\"payable\":false,\"stateMutability\":\"view\",\"type\":\"function\"},{\"inputs\":[],\"payable\":false,\"stateMutability\":\"nonpayable\",\"type\":\"constructor\"},{\"anonymous\":false,\"inputs\":[{\"indexed\":false,\"name\":\"ret\",\"type\":\"int256\"},{\"indexed\":true,\"name\":\"account\",\"type\":\"string\"},{\"indexed\":true,\"name\":\"asset_value\",\"type\":\"uint256\"}],\"name\":\"RegisterEvent\",\"type\":\"event\"},{\"anonymous\":false,\"inputs\":[{\"indexed\":false,\"name\":\"ret\",\"type\":\"int256\"},{\"indexed\":true,\"name\":\"from_account\",\"type\":\"string\"},{\"indexed\":true,\"name\":\"to_account\",\"type\":\"string\"},{\"indexed\":true,\"name\":\"amount\",\"type\":\"uint256\"}],\"name\":\"TransferEvent\",\"type\":\"event\"}]","bin":"608060405234801561001057600080fd5b5061002861002d640100000000026401000000009004565b610185565b600061100190508073ffffffffffffffffffffffffffffffffffffffff166356004b6a6040518163ffffffff167c010000000000000000000000000000000000000000000000000000000002815260040180806020018060200180602001848103845260078152602001807f745f617373657400000000000000000000000000000000000000000000000000815250602001848103835260078152602001807f6163636f756e74000000000000000000000000000000000000000000000000008152506020018481038252600b8152602001807f61737365745f76616c75650000000000000000000000000000000000000000008152506020019350505050602060405180830381600087803b15801561014657600080fd5b505af115801561015a573d6000803e3d6000fd5b505050506040513d602081101561017057600080fd5b81019080805190602001909291905050505050565b611e3780620001956000396000f300608060405260043610610057576000357c0100000000000000000000000000000000000000000000000000000000900463ffffffff1680639b80b0501461005c578063ea87152b14610129578063fcd7e3c1146101b0575b600080fd5b34801561006857600080fd5b50610113600480360381019080803590602001908201803590602001908080601f0160208091040260200160405190810160405280939291908181526020018383808284378201915050505050509192919290803590602001908201803590602001908080601f016020809104026020016040519081016040528093929190818152602001838380828437820191505050505050919291929080359060200190929190505050610234565b6040518082815260200191505060405180910390f35b34801561013557600080fd5b5061019a600480360381019080803590602001908201803590602001908080601f0160208091040260200160405190810160405280939291908181526020018383808284378201915050505050509192919290803590602001909291905050506112c8565b6040518082815260200191505060405180910390f35b3480156101bc57600080fd5b50610217600480360381019080803590602001908201803590602001908080601f01602080910402602001604051908101604052809392919081815260200183838082843782019150505050505091929192905050506117d7565b604051808381526020018281526020019250505060405180910390f35b600080600080600080600080600080975060009650600095506000945061025a8c6117d7565b8097508198505050600087141515610395577fffffffffffffffffffffffffffffffffffffffffffffffffffffffffffffffff9750898b6040518082805190602001908083835b6020831015156102c657805182526020820191506020810190506020830392506102a1565b6001836020036101000a03801982511681845116808217855250505050505090500191505060405180910390208d6040518082805190602001908083835b6020831015156103295780518252602082019150602081019050602083039250610304565b6001836020036101000a03801982511681845116808217855250505050505090500191505060405180910390207f8f6b9fa4d4bf04c7c1c3242d4a5c59ba22525b6761cf89e44becb27c606154bd8b6040518082815260200191505060405180910390a48798506112b9565b61039e8b6117d7565b80965081985050506000871415156104d9577ffffffffffffffffffffffffffffffffffffffffffffffffffffffffffffffffe9750898b6040518082805190602001908083835b60208310151561040a57805182526020820191506020810190506020830392506103e5565b6001836020036101000a03801982511681845116808217855250505050505090500191505060405180910390208d6040518082805190602001908083835b60208310151561046d5780518252602082019150602081019050602083039250610448565b6001836020036101000a03801982511681845116808217855250505050505090500191505060405180910390207f8f6b9fa4d4bf04c7c1c3242d4a5c59ba22525b6761cf89e44becb27c606154bd8b6040518082815260200191505060405180910390a48798506112b9565b8986101561060a577ffffffffffffffffffffffffffffffffffffffffffffffffffffffffffffffffd9750898b6040518082805190602001908083835b60208310151561053b5780518252602082019150602081019050602083039250610516565b6001836020036101000a03801982511681845116808217855250505050505090500191505060405180910390208d6040518082805190602001908083835b60208310151561059e5780518252602082019150602081019050602083039250610579565b6001836020036101000a03801982511681845116808217855250505050505090500191505060405180910390207f8f6b9fa4d4bf04c7c1c3242d4a5c59ba22525b6761cf89e44becb27c606154bd8b6040518082815260200191505060405180910390a48798506112b9565b848a8601101561073d577ffffffffffffffffffffffffffffffffffffffffffffffffffffffffffffffffc9750898b6040518082805190602001908083835b60208310151561066e5780518252602082019150602081019050602083039250610649565b6001836020036101000a03801982511681845116808217855250505050505090500191505060405180910390208d6040518082805190602001908083835b6020831015156106d157805182526020820191506020810190506020830392506106ac565b6001836020036101000a03801982511681845116808217855250505050505090500191505060405180910390207f8f6b9fa4d4bf04c7c1c3242d4a5c59ba22525b6761cf89e44becb27c606154bd8b6040518082815260200191505060405180910390a48798506112b9565b610745611d1c565b93508373ffffffffffffffffffffffffffffffffffffffff166313db93466040518163ffffffff167c0100000000000000000000000000000000000000000000000000000000028152600401602060405180830381600087803b1580156107ab57600080fd5b505af11580156107bf573d6000803e3d6000fd5b505050506040513d60208110156107d557600080fd5b810190808051906020019092919050505092508273ffffffffffffffffffffffffffffffffffffffff1663e942b5168d6040518263ffffffff167c0100000000000000000000000000000000000000000000000000000000028152600401808060200180602001838103835260078152602001807f6163636f756e7400000000000000000000000000000000000000000000000000815250602001838103825284818151815260200191508051906020019080838360005b838110156108a857808201518184015260208101905061088d565b50505050905090810190601f1680156108d55780820380516001836020036101000a031916815260200191505b509350505050600060405180830381600087803b1580156108f557600080fd5b505af1158015610909573d6000803e3d6000fd5b505050508273ffffffffffffffffffffffffffffffffffffffff16632ef8ba748b88036040518263ffffffff167c010000000000000000000000000000000000000000000000000000000002815260040180806020018381526020018281038252600b8152602001807f61737365745f76616c756500000000000000000000000000000000000000000081525060200192505050600060405180830381600087803b1580156109b757600080fd5b505af11580156109cb573d6000803e3d6000fd5b505050508373ffffffffffffffffffffffffffffffffffffffff1663bf2b70a18d858773ffffffffffffffffffffffffffffffffffffffff16637857d7c96040518163ffffffff167c0100000000000000000000000000000000000000000000000000000000028152600401602060405180830381600087803b158015610a5157600080fd5b505af1158015610a65573d6000803e3d6000fd5b505050506040513d6020811015610a7b57600080fd5b81019080805190602001909291905050506040518463ffffffff167c010000000000000000000000000000000000000000000000000000000002815260040180806020018473ffffffffffffffffffffffffffffffffffffffff1673ffffffffffffffffffffffffffffffffffffffff1681526020018373ffffffffffffffffffffffffffffffffffffffff1673ffffffffffffffffffffffffffffffffffffffff168152602001828103825285818151815260200191508051906020019080838360005b83811015610b5b578082015181840152602081019050610b40565b50505050905090810190601f168015610b885780820380516001836020036101000a031916815260200191505b50945050505050602060405180830381600087803b158015610ba957600080fd5b505af1158015610bbd573d6000803e3d6000fd5b505050506040513d6020811015610bd357600080fd5b81019080805190602001909291905050509150600182141515610d19577ffffffffffffffffffffffffffffffffffffffffffffffffffffffffffffffffb9750898b6040518082805190602001908083835b602083101515610c4a5780518252602082019150602081019050602083039250610c25565b6001836020036101000a03801982511681845116808217855250505050505090500191505060405180910390208d6040518082805190602001908083835b602083101515610cad5780518252602082019150602081019050602083039250610c88565b6001836020036101000a03801982511681845116808217855250505050505090500191505060405180910390207f8f6b9fa4d4bf04c7c1c3242d4a5c59ba22525b6761cf89e44becb27c606154bd8b6040518082815260200191505060405180910390a48798506112b9565b8373ffffffffffffffffffffffffffffffffffffffff166313db93466040518163ffffffff167c0100000000000000000000000000000000000000000000000000000000028152600401602060405180830381600087803b158015610d7d57600080fd5b505af1158015610d91573d6000803e3d6000fd5b505050506040513d6020811015610da757600080fd5b810190808051906020019092919050505090508073ffffffffffffffffffffffffffffffffffffffff1663e942b5168c6040518263ffffffff167c0100000000000000000000000000000000000000000000000000000000028152600401808060200180602001838103835260078152602001807f6163636f756e7400000000000000000000000000000000000000000000000000815250602001838103825284818151815260200191508051906020019080838360005b83811015610e7a578082015181840152602081019050610e5f565b50505050905090810190601f168015610ea75780820380516001836020036101000a031916815260200191505b509350505050600060405180830381600087803b158015610ec757600080fd5b505af1158015610edb573d6000803e3d6000fd5b505050508073ffffffffffffffffffffffffffffffffffffffff16632ef8ba748b87016040518263ffffffff167c010000000000000000000000000000000000000000000000000000000002815260040180806020018381526020018281038252600b8152602001807f61737365745f76616c756500000000000000000000000000000000000000000081525060200192505050600060405180830381600087803b158015610f8957600080fd5b505af1158015610f9d573d6000803e3d6000fd5b505050508373ffffffffffffffffffffffffffffffffffffffff1663bf2b70a18c838773ffffffffffffffffffffffffffffffffffffffff16637857d7c96040518163ffffffff167c0100000000000000000000000000000000000000000000000000000000028152600401602060405180830381600087803b15801561102357600080fd5b505af1158015611037573d6000803e3d6000fd5b505050506040513d602081101561104d57600080fd5b81019080805190602001909291905050506040518463ffffffff167c010000000000000000000000000000000000000000000000000000000002815260040180806020018473ffffffffffffffffffffffffffffffffffffffff1673ffffffffffffffffffffffffffffffffffffffff1681526020018373ffffffffffffffffffffffffffffffffffffffff1673ffffffffffffffffffffffffffffffffffffffff168152602001828103825285818151815260200191508051906020019080838360005b8381101561112d578082015181840152602081019050611112565b50505050905090810190601f16801561115a5780820380516001836020036101000a031916815260200191505b50945050505050602060405180830381600087803b15801561117b57600080fd5b505af115801561118f573d6000803e3d6000fd5b505050506040513d60208110156111a557600080fd5b810190808051906020019092919050505050898b6040518082805190602001908083835b6020831015156111ee57805182526020820191506020810190506020830392506111c9565b6001836020036101000a03801982511681845116808217855250505050505090500191505060405180910390208d6040518082805190602001908083835b602083101515611251578051825260208201915060208101905060208303925061122c565b6001836020036101000a03801982511681845116808217855250505050505090500191505060405180910390207f8f6b9fa4d4bf04c7c1c3242d4a5c59ba22525b6761cf89e44becb27c606154bd8b6040518082815260200191505060405180910390a48798505b50505050505050509392505050565b600080600080600080600080955060009450600093506112e7896117d7565b809550819650505060008514151561170957611301611d1c565b92508273ffffffffffffffffffffffffffffffffffffffff166313db93466040518163ffffffff167c0100000000000000000000000000000000000000000000000000000000028152600401602060405180830381600087803b15801561136757600080fd5b505af115801561137b573d6000803e3d6000fd5b505050506040513d602081101561139157600080fd5b810190808051906020019092919050505091508173ffffffffffffffffffffffffffffffffffffffff1663e942b5168a6040518263ffffffff167c0100000000000000000000000000000000000000000000000000000000028152600401808060200180602001838103835260078152602001807f6163636f756e7400000000000000000000000000000000000000000000000000815250602001838103825284818151815260200191508051906020019080838360005b83811015611464578082015181840152602081019050611449565b50505050905090810190601f1680156114915780820380516001836020036101000a031916815260200191505b509350505050600060405180830381600087803b1580156114b157600080fd5b505af11580156114c5573d6000803e3d6000fd5b505050508173ffffffffffffffffffffffffffffffffffffffff16632ef8ba74896040518263ffffffff167c010000000000000000000000000000000000000000000000000000000002815260040180806020018381526020018281038252600b8152602001807f61737365745f76616c756500000000000000000000000000000000000000000081525060200192505050600060405180830381600087803b15801561157157600080fd5b505af1158015611585573d6000803e3d6000fd5b505050508273ffffffffffffffffffffffffffffffffffffffff166331afac368a846040518363ffffffff167c010000000000000000000000000000000000000000000000000000000002815260040180806020018373ffffffffffffffffffffffffffffffffffffffff1673ffffffffffffffffffffffffffffffffffffffff168152602001828103825284818151815260200191508051906020019080838360005b83811015611644578082015181840152602081019050611629565b50505050905090810190601f1680156116715780820380516001836020036101000a031916815260200191505b509350505050602060405180830381600087803b15801561169157600080fd5b505af11580156116a5573d6000803e3d6000fd5b505050506040513d60208110156116bb57600080fd5b8101908080519060200190929190505050905060018114156116e05760009550611704565b7ffffffffffffffffffffffffffffffffffffffffffffffffffffffffffffffffe95505b61172d565b7fffffffffffffffffffffffffffffffffffffffffffffffffffffffffffffffff95505b87896040518082805190602001908083835b602083101515611764578051825260208201915060208101905060208303925061173f565b6001836020036101000a03801982511681845116808217855250505050505090500191505060405180910390207f91c95f04198617c60eaf2180fbca88fc192db379657df0e412a9f7dd4ebbe95d886040518082815260200191505060405180910390a385965050505050505092915050565b600080600080600080600061100194508473ffffffffffffffffffffffffffffffffffffffff1663f23f63c96040518163ffffffff167c01000000000000000000000000000000000000000000000000000000000281526004018080602001828103825260078152602001807f745f617373657400000000000000000000000000000000000000000000000000815250602001915050602060405180830381600087803b15801561188757600080fd5b505af115801561189b573d6000803e3d6000fd5b505050506040513d60208110156118b157600080fd5b810190808051906020019092919050505093508373ffffffffffffffffffffffffffffffffffffffff1663e8434e39898673ffffffffffffffffffffffffffffffffffffffff16637857d7c96040518163ffffffff167c0100000000000000000000000000000000000000000000000000000000028152600401602060405180830381600087803b15801561194557600080fd5b505af1158015611959573d6000803e3d6000fd5b505050506040513d602081101561196f57600080fd5b81019080805190602001909291905050506040518363ffffffff167c010000000000000000000000000000000000000000000000000000000002815260040180806020018373ffffffffffffffffffffffffffffffffffffffff1673ffffffffffffffffffffffffffffffffffffffff168152602001828103825284818151815260200191508051906020019080838360005b83811015611a1d578082015181840152602081019050611a02565b50505050905090810190601f168015611a4a5780820380516001836020036101000a031916815260200191505b509350505050602060405180830381600087803b158015611a6a57600080fd5b505af1158015611a7e573d6000803e3d6000fd5b505050506040513d6020811015611a9457600080fd5b81019080805190602001909291905050509250600091508273ffffffffffffffffffffffffffffffffffffffff1663949d225d6040518163ffffffff167c0100000000000000000000000000000000000000000000000000000000028152600401602060405180830381600087803b158015611b0f57600080fd5b505af1158015611b23573d6000803e3d6000fd5b505050506040513d6020811015611b3957600080fd5b810190808051906020019092919050505060001415611b80577fffffffffffffffffffffffffffffffffffffffffffffffffffffffffffffffff8281915096509650611d12565b8273ffffffffffffffffffffffffffffffffffffffff1663846719e060006040518263ffffffff167c010000000000000000000000000000000000000000000000000000000002815260040180828152602001915050602060405180830381600087803b158015611bf057600080fd5b505af1158015611c04573d6000803e3d6000fd5b505050506040513d6020811015611c1a57600080fd5b8101908080519060200190929190505050905060008173ffffffffffffffffffffffffffffffffffffffff1663fda69fae6040518163ffffffff167c010000000000000000000000000000000000000000000000000000000002815260040180806020018281038252600b8152602001807f61737365745f76616c7565000000000000000000000000000000000000000000815250602001915050602060405180830381600087803b158015611ccf57600080fd5b505af1158015611ce3573d6000803e3d6000fd5b505050506040513d6020811015611cf957600080fd5b8101908080519060200190929190505050819150965096505b5050505050915091565b600080600061100191508173ffffffffffffffffffffffffffffffffffffffff1663f23f63c96040518163ffffffff167c01000000000000000000000000000000000000000000000000000000000281526004018080602001828103825260078152602001807f745f617373657400000000000000000000000000000000000000000000000000815250602001915050602060405180830381600087803b158015611dc657600080fd5b505af1158015611dda573d6000803e3d6000fd5b505050506040513d6020811015611df057600080fd5b810190808051906020019092919050505090508092505050905600a165627a7a72305820be3eb7d38f7eced5155f3ca18bdb03eefb6ef59e7f9f2d1a98fbd4411424ddb70029","metadata":"{\"compiler\":{\"version\":\"0.4.25+commit.46d177ad.mod\"},\"language\":\"Solidity\",\"output\":{\"abi\":[{\"constant\":false,\"inputs\":[{\"name\":\"from_account\",\"type\":\"string\"},{\"name\":\"to_account\",\"type\":\"string\"},{\"name\":\"amount\",\"type\":\"uint256\"}],\"name\":\"transfer\",\"outputs\":[{\"name\":\"\",\"type\":\"int256\"}],\"payable\":false,\"stateMutability\":\"nonpayable\",\"type\":\"function\"},{\"constant\":false,\"inputs\":[{\"name\":\"account\",\"type\":\"string\"},{\"name\":\"asset_value\",\"type\":\"uint256\"}],\"name\":\"register\",\"outputs\":[{\"name\":\"\",\"type\":\"int256\"}],\"payable\":false,\"stateMutability\":\"nonpayable\",\"type\":\"function\"},{\"constant\":true,\"inputs\":[{\"name\":\"account\",\"type\":\"string\"}],\"name\":\"select\",\"outputs\":[{\"name\":\"\",\"type\":\"int256\"},{\"name\":\"\",\"type\":\"uint256\"}],\"payable\":false,\"stateMutability\":\"view\",\"type\":\"function\"},{\"inputs\":[],\"payable\":false,\"stateMutability\":\"nonpayable\",\"type\":\"constructor\"},{\"anonymous\":false,\"inputs\":[{\"indexed\":false,\"name\":\"ret\",\"type\":\"int256\"},{\"indexed\":true,\"name\":\"account\",\"type\":\"string\"},{\"indexed\":true,\"name\":\"asset_value\",\"type\":\"uint256\"}],\"name\":\"RegisterEvent\",\"type\":\"event\"},{\"anonymous\":false,\"inputs\":[{\"indexed\":false,\"name\":\"ret\",\"type\":\"int256\"},{\"indexed\":true,\"name\":\"from_account\",\"type\":\"string\"},{\"indexed\":true,\"name\":\"to_account\",\"type\":\"string\"},{\"indexed\":true,\"name\":\"amount\",\"type\":\"uint256\"}],\"name\":\"TransferEvent\",\"type\":\"event\"}],\"devdoc\":{\"methods\":{}},\"userdoc\":{\"methods\":{}}},\"settings\":{\"compilationTarget\":{\"/Users/eleven/Eleven/idea-conflux/solidity-compiler-java/build/resources/test/contracts/Asset.sol\":\"Asset\"},\"evmVersion\":\"byzantium\",\"libraries\":{},\"optimizer\":{\"enabled\":false,\"runs\":200},\"remappings\":[]},\"sources\":{\"/Users/eleven/Eleven/idea-conflux/solidity-compiler-java/build/resources/test/contracts/Asset.sol\":{\"keccak256\":\"0x7243d433ccbb22e72a3d97578acef4a98f3ae1dd51544ed67cb669bb20236275\",\"urls\":[\"bzzr://15b43d4f6f3ce59f397d21a4269725aa471845f70a2d2f20870578db5a6d0765\"]},\"/Users/eleven/Eleven/idea-conflux/solidity-compiler-java/build/resources/test/contracts/Table.sol\":{\"keccak256\":\"0x26c7b190b7f8d2e9dc65cbce4972ff9e7d57aa7ce77c35dcc292332c01870cbd\",\"urls\":[\"bzzr://39da515f93dd8b030f2fc9e3edf6822142e18cbb73d9b3b157fdfc55c92ec6ce\"]}},\"version\":1}"},"/Users/eleven/Eleven/idea-conflux/solidity-compiler-java/build/resources/test/contracts/Table.sol:Condition":{"abi":"[{\"constant\":false,\"inputs\":[{\"name\":\"\",\"type\":\"string\"},{\"name\":\"\",\"type\":\"int256\"}],\"name\":\"GT\",\"outputs\":[],\"payable\":false,\"stateMutability\":\"nonpayable\",\"type\":\"function\"},{\"constant\":false,\"inputs\":[{\"name\":\"\",\"type\":\"string\"},{\"name\":\"\",\"type\":\"string\"}],\"name\":\"NE\",\"outputs\":[],\"payable\":false,\"stateMutability\":\"nonpayable\",\"type\":\"function\"},{\"constant\":false,\"inputs\":[{\"name\":\"\",\"type\":\"int256\"}],\"name\":\"limit\",\"outputs\":[],\"payable\":false,\"stateMutability\":\"nonpayable\",\"type\":\"function\"},{\"constant\":false,\"inputs\":[{\"name\":\"\",\"type\":\"string\"},{\"name\":\"\",\"type\":\"int256\"}],\"name\":\"NE\",\"outputs\":[],\"payable\":false,\"stateMutability\":\"nonpayable\",\"type\":\"function\"},{\"constant\":false,\"inputs\":[{\"name\":\"\",\"type\":\"string\"},{\"name\":\"\",\"type\":\"int256\"}],\"name\":\"GE\",\"outputs\":[],\"payable\":false,\"stateMutability\":\"nonpayable\",\"type\":\"function\"},{\"constant\":false,\"inputs\":[{\"name\":\"\",\"type\":\"int256\"},{\"name\":\"\",\"type\":\"int256\"}],\"name\":\"limit\",\"outputs\":[],\"payable\":false,\"stateMutability\":\"nonpayable\",\"type\":\"function\"},{\"constant\":false,\"inputs\":[{\"name\":\"\",\"type\":\"string\"},{\"name\":\"\",\"type\":\"int256\"}],\"name\":\"LE\",\"outputs\":[],\"payable\":false,\"stateMutability\":\"nonpayable\",\"type\":\"function\"},{\"constant\":false,\"inputs\":[{\"name\":\"\",\"type\":\"string\"},{\"name\":\"\",\"type\":\"int256\"}],\"name\":\"LT\",\"outputs\":[],\"payable\":false,\"stateMutability\":\"nonpayable\",\"type\":\"function\"},{\"constant\":false,\"inputs\":[{\"name\":\"\",\"type\":\"string\"},{\"name\":\"\",\"type\":\"string\"}],\"name\":\"EQ\",\"outputs\":[],\"payable\":false,\"stateMutability\":\"nonpayable\",\"type\":\"function\"},{\"constant\":false,\"inputs\":[{\"name\":\"\",\"type\":\"string\"},{\"name\":\"\",\"type\":\"int256\"}],\"name\":\"EQ\",\"outputs\":[],\"payable\":false,\"stateMutability\":\"nonpayable\",\"type\":\"function\"}]","bin":"608060405234801561001057600080fd5b50610570806100206000396000f3006080604052600436106100a4576000357c0100000000000000000000000000000000000000000000000000000000900463ffffffff16806308ad6333146100a95780632783acf51461011c5780632e0d738a146101cb57806339aef024146101f857806342f8dd311461026b5780637ec1cc65146102de578063b6f2385714610315578063c31c9b6514610388578063cd30a1d1146103fb578063e44594b9146104aa575b600080fd5b3480156100b557600080fd5b5061011a600480360381019080803590602001908201803590602001908080601f01602080910402602001604051908101604052809392919081815260200183838082843782019150505050505091929192908035906020019092919050505061051d565b005b34801561012857600080fd5b506101c9600480360381019080803590602001908201803590602001908080601f0160208091040260200160405190810160405280939291908181526020018383808284378201915050505050509192919290803590602001908201803590602001908080601f0160208091040260200160405190810160405280939291908181526020018383808284378201915050505050509192919290505050610521565b005b3480156101d757600080fd5b506101f660048036038101908080359060200190929190505050610525565b005b34801561020457600080fd5b50610269600480360381019080803590602001908201803590602001908080601f016020809104026020016040519081016040528093929190818152602001838380828437820191505050505050919291929080359060200190929190505050610528565b005b34801561027757600080fd5b506102dc600480360381019080803590602001908201803590602001908080601f01602080910402602001604051908101604052809392919081815260200183838082843782019150505050505091929192908035906020019092919050505061052c565b005b3480156102ea57600080fd5b506103136004803603810190808035906020019092919080359060200190929190505050610530565b005b34801561032157600080fd5b50610386600480360381019080803590602001908201803590602001908080601f016020809104026020016040519081016040528093929190818152602001838380828437820191505050505050919291929080359060200190929190505050610534565b005b34801561039457600080fd5b506103f9600480360381019080803590602001908201803590602001908080601f016020809104026020016040519081016040528093929190818152602001838380828437820191505050505050919291929080359060200190929190505050610538565b005b34801561040757600080fd5b506104a8600480360381019080803590602001908201803590602001908080601f0160208091040260200160405190810160405280939291908181526020018383808284378201915050505050509192919290803590602001908201803590602001908080601f016020809104026020016040519081016040528093929190818152602001838380828437820191505050505050919291929050505061053c565b005b3480156104b657600080fd5b5061051b600480360381019080803590602001908201803590602001908080601f016020809104026020016040519081016040528093929190818152602001838380828437820191505050505050919291929080359060200190929190505050610540565b005b5050565b5050565b50565b5050565b5050565b5050565b5050565b5050565b5050565b50505600a165627a7a72305820c9eb08a58ade244ee61b4c0806917dbb9e3fe8333eea900ec4d4a5c6c412708e0029","metadata":"{\"compiler\":{\"version\":\"0.4.25+commit.46d177ad.mod\"},\"language\":\"Solidity\",\"output\":{\"abi\":[{\"constant\":false,\"inputs\":[{\"name\":\"\",\"type\":\"string\"},{\"name\":\"\",\"type\":\"int256\"}],\"name\":\"GT\",\"outputs\":[],\"payable\":false,\"stateMutability\":\"nonpayable\",\"type\":\"function\"},{\"constant\":false,\"inputs\":[{\"name\":\"\",\"type\":\"string\"},{\"name\":\"\",\"type\":\"string\"}],\"name\":\"NE\",\"outputs\":[],\"payable\":false,\"stateMutability\":\"nonpayable\",\"type\":\"function\"},{\"constant\":false,\"inputs\":[{\"name\":\"\",\"type\":\"int256\"}],\"name\":\"limit\",\"outputs\":[],\"payable\":false,\"stateMutability\":\"nonpayable\",\"type\":\"function\"},{\"constant\":false,\"inputs\":[{\"name\":\"\",\"type\":\"string\"},{\"name\":\"\",\"type\":\"int256\"}],\"name\":\"NE\",\"outputs\":[],\"payable\":false,\"stateMutability\":\"nonpayable\",\"type\":\"function\"},{\"constant\":false,\"inputs\":[{\"name\":\"\",\"type\":\"string\"},{\"name\":\"\",\"type\":\"int256\"}],\"name\":\"GE\",\"outputs\":[],\"payable\":false,\"stateMutability\":\"nonpayable\",\"type\":\"function\"},{\"constant\":false,\"inputs\":[{\"name\":\"\",\"type\":\"int256\"},{\"name\":\"\",\"type\":\"int256\"}],\"name\":\"limit\",\"outputs\":[],\"payable\":false,\"stateMutability\":\"nonpayable\",\"type\":\"function\"},{\"constant\":false,\"inputs\":[{\"name\":\"\",\"type\":\"string\"},{\"name\":\"\",\"type\":\"int256\"}],\"name\":\"LE\",\"outputs\":[],\"payable\":false,\"stateMutability\":\"nonpayable\",\"type\":\"function\"},{\"constant\":false,\"inputs\":[{\"name\":\"\",\"type\":\"string\"},{\"name\":\"\",\"type\":\"int256\"}],\"name\":\"LT\",\"outputs\":[],\"payable\":false,\"stateMutability\":\"nonpayable\",\"type\":\"function\"},{\"constant\":false,\"inputs\":[{\"name\":\"\",\"type\":\"string\"},{\"name\":\"\",\"type\":\"string\"}],\"name\":\"EQ\",\"outputs\":[],\"payable\":false,\"stateMutability\":\"nonpayable\",\"type\":\"function\"},{\"constant\":false,\"inputs\":[{\"name\":\"\",\"type\":\"string\"},{\"name\":\"\",\"type\":\"int256\"}],\"name\":\"EQ\",\"outputs\":[],\"payable\":false,\"stateMutability\":\"nonpayable\",\"type\":\"function\"}],\"devdoc\":{\"methods\":{}},\"userdoc\":{\"methods\":{}}},\"settings\":{\"compilationTarget\":{\"/Users/eleven/Eleven/idea-conflux/solidity-compiler-java/build/resources/test/contracts/Table.sol\":\"Condition\"},\"evmVersion\":\"byzantium\",\"libraries\":{},\"optimizer\":{\"enabled\":false,\"runs\":200},\"remappings\":[]},\"sources\":{\"/Users/eleven/Eleven/idea-conflux/solidity-compiler-java/build/resources/test/contracts/Table.sol\":{\"keccak256\":\"0x26c7b190b7f8d2e9dc65cbce4972ff9e7d57aa7ce77c35dcc292332c01870cbd\",\"urls\":[\"bzzr://39da515f93dd8b030f2fc9e3edf6822142e18cbb73d9b3b157fdfc55c92ec6ce\"]}},\"version\":1}"},"/Users/eleven/Eleven/idea-conflux/solidity-compiler-java/build/resources/test/contracts/Table.sol:Entries":{"abi":"[{\"constant\":true,\"inputs\":[{\"name\":\"\",\"type\":\"int256\"}],\"name\":\"get\",\"outputs\":[{\"name\":\"\",\"type\":\"address\"}],\"payable\":false,\"stateMutability\":\"view\",\"type\":\"function\"},{\"constant\":true,\"inputs\":[],\"name\":\"size\",\"outputs\":[{\"name\":\"\",\"type\":\"int256\"}],\"payable\":false,\"stateMutability\":\"view\",\"type\":\"function\"}]","bin":"608060405234801561001057600080fd5b50610118806100206000396000f3006080604052600436106049576000357c0100000000000000000000000000000000000000000000000000000000900463ffffffff168063846719e014604e578063949d225d1460b8575b600080fd5b348015605957600080fd5b5060766004803603810190808035906020019092919050505060e0565b604051808273ffffffffffffffffffffffffffffffffffffffff1673ffffffffffffffffffffffffffffffffffffffff16815260200191505060405180910390f35b34801560c357600080fd5b5060ca60e7565b6040518082815260200191505060405180910390f35b6000919050565b6000905600a165627a7a72305820c221c7cc350e3307643077677bccde0f019971ee56ad291d1598667e74a5f9230029","metadata":"{\"compiler\":{\"version\":\"0.4.25+commit.46d177ad.mod\"},\"language\":\"Solidity\",\"output\":{\"abi\":[{\"constant\":true,\"inputs\":[{\"name\":\"\",\"type\":\"int256\"}],\"name\":\"get\",\"outputs\":[{\"name\":\"\",\"type\":\"address\"}],\"payable\":false,\"stateMutability\":\"view\",\"type\":\"function\"},{\"constant\":true,\"inputs\":[],\"name\":\"size\",\"outputs\":[{\"name\":\"\",\"type\":\"int256\"}],\"payable\":false,\"stateMutability\":\"view\",\"type\":\"function\"}],\"devdoc\":{\"methods\":{}},\"userdoc\":{\"methods\":{}}},\"settings\":{\"compilationTarget\":{\"/Users/eleven/Eleven/idea-conflux/solidity-compiler-java/build/resources/test/contracts/Table.sol\":\"Entries\"},\"evmVersion\":\"byzantium\",\"libraries\":{},\"optimizer\":{\"enabled\":false,\"runs\":200},\"remappings\":[]},\"sources\":{\"/Users/eleven/Eleven/idea-conflux/solidity-compiler-java/build/resources/test/contracts/Table.sol\":{\"keccak256\":\"0x26c7b190b7f8d2e9dc65cbce4972ff9e7d57aa7ce77c35dcc292332c01870cbd\",\"urls\":[\"bzzr://39da515f93dd8b030f2fc9e3edf6822142e18cbb73d9b3b157fdfc55c92ec6ce\"]}},\"version\":1}"},"/Users/eleven/Eleven/idea-conflux/solidity-compiler-java/build/resources/test/contracts/Table.sol:Entry":{"abi":"[{\"constant\":true,\"inputs\":[{\"name\":\"\",\"type\":\"string\"}],\"name\":\"getBytes32\",\"outputs\":[{\"name\":\"\",\"type\":\"bytes32\"}],\"payable\":false,\"stateMutability\":\"view\",\"type\":\"function\"},{\"constant\":false,\"inputs\":[{\"name\":\"\",\"type\":\"string\"},{\"name\":\"\",\"type\":\"int256\"}],\"name\":\"set\",\"outputs\":[],\"payable\":false,\"stateMutability\":\"nonpayable\",\"type\":\"function\"},{\"constant\":true,\"inputs\":[{\"name\":\"\",\"type\":\"string\"}],\"name\":\"getUInt\",\"outputs\":[{\"name\":\"\",\"type\":\"int256\"}],\"payable\":false,\"stateMutability\":\"view\",\"type\":\"function\"},{\"constant\":false,\"inputs\":[{\"name\":\"\",\"type\":\"string\"},{\"name\":\"\",\"type\":\"uint256\"}],\"name\":\"set\",\"outputs\":[],\"payable\":false,\"stateMutability\":\"nonpayable\",\"type\":\"function\"},{\"constant\":true,\"inputs\":[{\"name\":\"\",\"type\":\"string\"}],\"name\":\"getString\",\"outputs\":[{\"name\":\"\",\"type\":\"string\"}],\"payable\":false,\"stateMutability\":\"view\",\"type\":\"function\"},{\"constant\":false,\"inputs\":[{\"name\":\"\",\"type\":\"string\"},{\"name\":\"\",\"type\":\"address\"}],\"name\":\"set\",\"outputs\":[],\"payable\":false,\"stateMutability\":\"nonpayable\",\"type\":\"function\"},{\"constant\":true,\"inputs\":[{\"name\":\"\",\"type\":\"string\"}],\"name\":\"getAddress\",\"outputs\":[{\"name\":\"\",\"type\":\"address\"}],\"payable\":false,\"stateMutability\":\"view\",\"type\":\"function\"},{\"constant\":true,\"inputs\":[{\"name\":\"\",\"type\":\"string\"}],\"name\":\"getBytes64\",\"outputs\":[{\"name\":\"\",\"type\":\"bytes1[64]\"}],\"payable\":false,\"stateMutability\":\"view\",\"type\":\"function\"},{\"constant\":false,\"inputs\":[{\"name\":\"\",\"type\":\"string\"},{\"name\":\"\",\"type\":\"string\"}],\"name\":\"set\",\"outputs\":[],\"payable\":false,\"stateMutability\":\"nonpayable\",\"type\":\"function\"},{\"constant\":true,\"inputs\":[{\"name\":\"\",\"type\":\"string\"}],\"name\":\"getInt\",\"outputs\":[{\"name\":\"\",\"type\":\"int256\"}],\"payable\":false,\"stateMutability\":\"view\",\"type\":\"function\"}]","bin":"608060405234801561001057600080fd5b50610706806100206000396000f3006080604052600436106100a4576000357c0100000000000000000000000000000000000000000000000000000000900463ffffffff16806327314f79146100a95780632ef8ba741461012e5780633536046a146101a15780638a42ebe91461021e5780639c981fcb14610291578063a815ff1514610373578063bf40fac1146103fc578063d52decd4146104a5578063e942b5161461054a578063fda69fae146105f9575b600080fd5b3480156100b557600080fd5b50610110600480360381019080803590602001908201803590602001908080601f0160208091040260200160405190810160405280939291908181526020018383808284378201915050505050509192919290505050610676565b60405180826000191660001916815260200191505060405180910390f35b34801561013a57600080fd5b5061019f600480360381019080803590602001908201803590602001908080601f01602080910402602001604051908101604052809392919081815260200183838082843782019150505050505091929192908035906020019092919050505061067d565b005b3480156101ad57600080fd5b50610208600480360381019080803590602001908201803590602001908080601f0160208091040260200160405190810160405280939291908181526020018383808284378201915050505050509192919290505050610681565b6040518082815260200191505060405180910390f35b34801561022a57600080fd5b5061028f600480360381019080803590602001908201803590602001908080601f016020809104026020016040519081016040528093929190818152602001838380828437820191505050505050919291929080359060200190929190505050610688565b005b34801561029d57600080fd5b506102f8600480360381019080803590602001908201803590602001908080601f016020809104026020016040519081016040528093929190818152602001838380828437820191505050505050919291929050505061068c565b6040518080602001828103825283818151815260200191508051906020019080838360005b8381101561033857808201518184015260208101905061031d565b50505050905090810190601f1680156103655780820380516001836020036101000a031916815260200191505b509250505060405180910390f35b34801561037f57600080fd5b506103fa600480360381019080803590602001908201803590602001908080601f0160208091040260200160405190810160405280939291908181526020018383808284378201915050505050509192919290803573ffffffffffffffffffffffffffffffffffffffff169060200190929190505050610693565b005b34801561040857600080fd5b50610463600480360381019080803590602001908201803590602001908080601f0160208091040260200160405190810160405280939291908181526020018383808284378201915050505050509192919290505050610697565b604051808273ffffffffffffffffffffffffffffffffffffffff1673ffffffffffffffffffffffffffffffffffffffff16815260200191505060405180910390f35b3480156104b157600080fd5b5061050c600480360381019080803590602001908201803590602001908080601f016020809104026020016040519081016040528093929190818152602001838380828437820191505050505050919291929050505061069e565b6040518082604060200280838360005b8381101561053757808201518184015260208101905061051c565b5050505090500191505060405180910390f35b34801561055657600080fd5b506105f7600480360381019080803590602001908201803590602001908080601f0160208091040260200160405190810160405280939291908181526020018383808284378201915050505050509192919290803590602001908201803590602001908080601f01602080910402602001604051908101604052809392919081815260200183838082843782019150505050505091929192905050506106ab565b005b34801561060557600080fd5b50610660600480360381019080803590602001908201803590602001908080601f01602080910402602001604051908101604052809392919081815260200183838082843782019150505050505091929192905050506106af565b6040518082815260200191505060405180910390f35b6000919050565b5050565b6000919050565b5050565b6060919050565b5050565b6000919050565b6106a66106b6565b919050565b5050565b6000919050565b610800604051908101604052806040906020820280388339808201915050905050905600a165627a7a72305820d058fc6b43fc381c2afb24125b40a98a2734ff1d535ea0135410b3369ca1db820029","metadata":"{\"compiler\":{\"version\":\"0.4.25+commit.46d177ad.mod\"},\"language\":\"Solidity\",\"output\":{\"abi\":[{\"constant\":true,\"inputs\":[{\"name\":\"\",\"type\":\"string\"}],\"name\":\"getBytes32\",\"outputs\":[{\"name\":\"\",\"type\":\"bytes32\"}],\"payable\":false,\"stateMutability\":\"view\",\"type\":\"function\"},{\"constant\":false,\"inputs\":[{\"name\":\"\",\"type\":\"string\"},{\"name\":\"\",\"type\":\"int256\"}],\"name\":\"set\",\"outputs\":[],\"payable\":false,\"stateMutability\":\"nonpayable\",\"type\":\"function\"},{\"constant\":true,\"inputs\":[{\"name\":\"\",\"type\":\"string\"}],\"name\":\"getUInt\",\"outputs\":[{\"name\":\"\",\"type\":\"int256\"}],\"payable\":false,\"stateMutability\":\"view\",\"type\":\"function\"},{\"constant\":false,\"inputs\":[{\"name\":\"\",\"type\":\"string\"},{\"name\":\"\",\"type\":\"uint256\"}],\"name\":\"set\",\"outputs\":[],\"payable\":false,\"stateMutability\":\"nonpayable\",\"type\":\"function\"},{\"constant\":true,\"inputs\":[{\"name\":\"\",\"type\":\"string\"}],\"name\":\"getString\",\"outputs\":[{\"name\":\"\",\"type\":\"string\"}],\"payable\":false,\"stateMutability\":\"view\",\"type\":\"function\"},{\"constant\":false,\"inputs\":[{\"name\":\"\",\"type\":\"string\"},{\"name\":\"\",\"type\":\"address\"}],\"name\":\"set\",\"outputs\":[],\"payable\":false,\"stateMutability\":\"nonpayable\",\"type\":\"function\"},{\"constant\":true,\"inputs\":[{\"name\":\"\",\"type\":\"string\"}],\"name\":\"getAddress\",\"outputs\":[{\"name\":\"\",\"type\":\"address\"}],\"payable\":false,\"stateMutability\":\"view\",\"type\":\"function\"},{\"constant\":true,\"inputs\":[{\"name\":\"\",\"type\":\"string\"}],\"name\":\"getBytes64\",\"outputs\":[{\"name\":\"\",\"type\":\"bytes1[64]\"}],\"payable\":false,\"stateMutability\":\"view\",\"type\":\"function\"},{\"constant\":false,\"inputs\":[{\"name\":\"\",\"type\":\"string\"},{\"name\":\"\",\"type\":\"string\"}],\"name\":\"set\",\"outputs\":[],\"payable\":false,\"stateMutability\":\"nonpayable\",\"type\":\"function\"},{\"constant\":true,\"inputs\":[{\"name\":\"\",\"type\":\"string\"}],\"name\":\"getInt\",\"outputs\":[{\"name\":\"\",\"type\":\"int256\"}],\"payable\":false,\"stateMutability\":\"view\",\"type\":\"function\"}],\"devdoc\":{\"methods\":{}},\"userdoc\":{\"methods\":{}}},\"settings\":{\"compilationTarget\":{\"/Users/eleven/Eleven/idea-conflux/solidity-compiler-java/build/resources/test/contracts/Table.sol\":\"Entry\"},\"evmVersion\":\"byzantium\",\"libraries\":{},\"optimizer\":{\"enabled\":false,\"runs\":200},\"remappings\":[]},\"sources\":{\"/Users/eleven/Eleven/idea-conflux/solidity-compiler-java/build/resources/test/contracts/Table.sol\":{\"keccak256\":\"0x26c7b190b7f8d2e9dc65cbce4972ff9e7d57aa7ce77c35dcc292332c01870cbd\",\"urls\":[\"bzzr://39da515f93dd8b030f2fc9e3edf6822142e18cbb73d9b3b157fdfc55c92ec6ce\"]}},\"version\":1}"},"/Users/eleven/Eleven/idea-conflux/solidity-compiler-java/build/resources/test/contracts/Table.sol:KVTable":{"abi":"[{\"constant\":true,\"inputs\":[],\"name\":\"newEntry\",\"outputs\":[{\"name\":\"\",\"type\":\"address\"}],\"payable\":false,\"stateMutability\":\"view\",\"type\":\"function\"},{\"constant\":true,\"inputs\":[{\"name\":\"\",\"type\":\"string\"}],\"name\":\"get\",\"outputs\":[{\"name\":\"\",\"type\":\"bool\"},{\"name\":\"\",\"type\":\"address\"}],\"payable\":false,\"stateMutability\":\"view\",\"type\":\"function\"},{\"constant\":false,\"inputs\":[{\"name\":\"\",\"type\":\"string\"},{\"name\":\"\",\"type\":\"address\"}],\"name\":\"set\",\"outputs\":[{\"name\":\"\",\"type\":\"int256\"}],\"payable\":false,\"stateMutability\":\"nonpayable\",\"type\":\"function\"}]","bin":"608060405234801561001057600080fd5b50610245806100206000396000f300608060405260043610610057576000357c0100000000000000000000000000000000000000000000000000000000900463ffffffff16806313db93461461005c578063693ec85e146100b3578063a815ff1514610167575b600080fd5b34801561006857600080fd5b50610071610204565b604051808273ffffffffffffffffffffffffffffffffffffffff1673ffffffffffffffffffffffffffffffffffffffff16815260200191505060405180910390f35b3480156100bf57600080fd5b5061011a600480360381019080803590602001908201803590602001908080601f0160208091040260200160405190810160405280939291908181526020018383808284378201915050505050509192919290505050610209565b60405180831515151581526020018273ffffffffffffffffffffffffffffffffffffffff1673ffffffffffffffffffffffffffffffffffffffff1681526020019250505060405180910390f35b34801561017357600080fd5b506101ee600480360381019080803590602001908201803590602001908080601f0160208091040260200160405190810160405280939291908181526020018383808284378201915050505050509192919290803573ffffffffffffffffffffffffffffffffffffffff169060200190929190505050610211565b6040518082815260200191505060405180910390f35b600090565b600080915091565b6000929150505600a165627a7a72305820d1f7212bf1cb9ed15bdc257d6b8074ea58a7e4b18b20637c44f541760fc416a90029","metadata":"{\"compiler\":{\"version\":\"0.4.25+commit.46d177ad.mod\"},\"language\":\"Solidity\",\"output\":{\"abi\":[{\"constant\":true,\"inputs\":[],\"name\":\"newEntry\",\"outputs\":[{\"name\":\"\",\"type\":\"address\"}],\"payable\":false,\"stateMutability\":\"view\",\"type\":\"function\"},{\"constant\":true,\"inputs\":[{\"name\":\"\",\"type\":\"string\"}],\"name\":\"get\",\"outputs\":[{\"name\":\"\",\"type\":\"bool\"},{\"name\":\"\",\"type\":\"address\"}],\"payable\":false,\"stateMutability\":\"view\",\"type\":\"function\"},{\"constant\":false,\"inputs\":[{\"name\":\"\",\"type\":\"string\"},{\"name\":\"\",\"type\":\"address\"}],\"name\":\"set\",\"outputs\":[{\"name\":\"\",\"type\":\"int256\"}],\"payable\":false,\"stateMutability\":\"nonpayable\",\"type\":\"function\"}],\"devdoc\":{\"methods\":{}},\"userdoc\":{\"methods\":{}}},\"settings\":{\"compilationTarget\":{\"/Users/eleven/Eleven/idea-conflux/solidity-compiler-java/build/resources/test/contracts/Table.sol\":\"KVTable\"},\"evmVersion\":\"byzantium\",\"libraries\":{},\"optimizer\":{\"enabled\":false,\"runs\":200},\"remappings\":[]},\"sources\":{\"/Users/eleven/Eleven/idea-conflux/solidity-compiler-java/build/resources/test/contracts/Table.sol\":{\"keccak256\":\"0x26c7b190b7f8d2e9dc65cbce4972ff9e7d57aa7ce77c35dcc292332c01870cbd\",\"urls\":[\"bzzr://39da515f93dd8b030f2fc9e3edf6822142e18cbb73d9b3b157fdfc55c92ec6ce\"]}},\"version\":1}"},"/Users/eleven/Eleven/idea-conflux/solidity-compiler-java/build/resources/test/contracts/Table.sol:KVTableFactory":{"abi":"[{\"constant\":false,\"inputs\":[{\"name\":\"\",\"type\":\"string\"},{\"name\":\"\",\"type\":\"string\"},{\"name\":\"\",\"type\":\"string\"}],\"name\":\"createTable\",\"outputs\":[{\"name\":\"\",\"type\":\"int256\"}],\"payable\":false,\"stateMutability\":\"nonpayable\",\"type\":\"function\"},{\"constant\":true,\"inputs\":[{\"name\":\"\",\"type\":\"string\"}],\"name\":\"openTable\",\"outputs\":[{\"name\":\"\",\"type\":\"address\"}],\"payable\":false,\"stateMutability\":\"view\",\"type\":\"function\"}]","bin":"608060405234801561001057600080fd5b5061023f806100206000396000f30060806040526004361061004c576000357c0100000000000000000000000000000000000000000000000000000000900463ffffffff16806356004b6a14610051578063f23f63c91461015a575b600080fd5b34801561005d57600080fd5b50610144600480360381019080803590602001908201803590602001908080601f0160208091040260200160405190810160405280939291908181526020018383808284378201915050505050509192919290803590602001908201803590602001908080601f0160208091040260200160405190810160405280939291908181526020018383808284378201915050505050509192919290803590602001908201803590602001908080601f0160208091040260200160405190810160405280939291908181526020018383808284378201915050505050509192919290505050610203565b6040518082815260200191505060405180910390f35b34801561016657600080fd5b506101c1600480360381019080803590602001908201803590602001908080601f016020809104026020016040519081016040528093929190818152602001838380828437820191505050505050919291929050505061020c565b604051808273ffffffffffffffffffffffffffffffffffffffff1673ffffffffffffffffffffffffffffffffffffffff16815260200191505060405180910390f35b60009392505050565b60009190505600a165627a7a723058207fed8da1b20f3fafd2d859d0614234fa2a5a41d362146c216d750d57113ec9230029","metadata":"{\"compiler\":{\"version\":\"0.4.25+commit.46d177ad.mod\"},\"language\":\"Solidity\",\"output\":{\"abi\":[{\"constant\":false,\"inputs\":[{\"name\":\"\",\"type\":\"string\"},{\"name\":\"\",\"type\":\"string\"},{\"name\":\"\",\"type\":\"string\"}],\"name\":\"createTable\",\"outputs\":[{\"name\":\"\",\"type\":\"int256\"}],\"payable\":false,\"stateMutability\":\"nonpayable\",\"type\":\"function\"},{\"constant\":true,\"inputs\":[{\"name\":\"\",\"type\":\"string\"}],\"name\":\"openTable\",\"outputs\":[{\"name\":\"\",\"type\":\"address\"}],\"payable\":false,\"stateMutability\":\"view\",\"type\":\"function\"}],\"devdoc\":{\"methods\":{}},\"userdoc\":{\"methods\":{}}},\"settings\":{\"compilationTarget\":{\"/Users/eleven/Eleven/idea-conflux/solidity-compiler-java/build/resources/test/contracts/Table.sol\":\"KVTableFactory\"},\"evmVersion\":\"byzantium\",\"libraries\":{},\"optimizer\":{\"enabled\":false,\"runs\":200},\"remappings\":[]},\"sources\":{\"/Users/eleven/Eleven/idea-conflux/solidity-compiler-java/build/resources/test/contracts/Table.sol\":{\"keccak256\":\"0x26c7b190b7f8d2e9dc65cbce4972ff9e7d57aa7ce77c35dcc292332c01870cbd\",\"urls\":[\"bzzr://39da515f93dd8b030f2fc9e3edf6822142e18cbb73d9b3b157fdfc55c92ec6ce\"]}},\"version\":1}"},"/Users/eleven/Eleven/idea-conflux/solidity-compiler-java/build/resources/test/contracts/Table.sol:Table":{"abi":"[{\"constant\":true,\"inputs\":[],\"name\":\"newEntry\",\"outputs\":[{\"name\":\"\",\"type\":\"address\"}],\"payable\":false,\"stateMutability\":\"view\",\"type\":\"function\"},{\"constant\":false,\"inputs\":[{\"name\":\"\",\"type\":\"string\"},{\"name\":\"\",\"type\":\"address\"}],\"name\":\"remove\",\"outputs\":[{\"name\":\"\",\"type\":\"int256\"}],\"payable\":false,\"stateMutability\":\"nonpayable\",\"type\":\"function\"},{\"constant\":false,\"inputs\":[{\"name\":\"\",\"type\":\"string\"},{\"name\":\"\",\"type\":\"address\"}],\"name\":\"insert\",\"outputs\":[{\"name\":\"\",\"type\":\"int256\"}],\"payable\":false,\"stateMutability\":\"nonpayable\",\"type\":\"function\"},{\"constant\":true,\"inputs\":[],\"name\":\"newCondition\",\"outputs\":[{\"name\":\"\",\"type\":\"address\"}],\"payable\":false,\"stateMutability\":\"view\",\"type\":\"function\"},{\"constant\":false,\"inputs\":[{\"name\":\"\",\"type\":\"string\"},{\"name\":\"\",\"type\":\"address\"},{\"name\":\"\",\"type\":\"address\"}],\"name\":\"update\",\"outputs\":[{\"name\":\"\",\"type\":\"int256\"}],\"payable\":false,\"stateMutability\":\"nonpayable\",\"type\":\"function\"},{\"constant\":true,\"inputs\":[{\"name\":\"\",\"type\":\"string\"},{\"name\":\"\",\"type\":\"address\"}],\"name\":\"select\",\"outputs\":[{\"name\":\"\",\"type\":\"address\"}],\"payable\":false,\"stateMutability\":\"view\",\"type\":\"function\"}]","bin":"608060405234801561001057600080fd5b50610442806100206000396000f300608060405260043610610078576000357c0100000000000000000000000000000000000000000000000000000000900463ffffffff16806313db93461461007d57806328bb2117146100d457806331afac36146101715780637857d7c91461020e578063bf2b70a114610265578063e8434e3914610322575b600080fd5b34801561008957600080fd5b506100926103eb565b604051808273ffffffffffffffffffffffffffffffffffffffff1673ffffffffffffffffffffffffffffffffffffffff16815260200191505060405180910390f35b3480156100e057600080fd5b5061015b600480360381019080803590602001908201803590602001908080601f0160208091040260200160405190810160405280939291908181526020018383808284378201915050505050509192919290803573ffffffffffffffffffffffffffffffffffffffff1690602001909291905050506103f0565b6040518082815260200191505060405180910390f35b34801561017d57600080fd5b506101f8600480360381019080803590602001908201803590602001908080601f0160208091040260200160405190810160405280939291908181526020018383808284378201915050505050509192919290803573ffffffffffffffffffffffffffffffffffffffff1690602001909291905050506103f8565b6040518082815260200191505060405180910390f35b34801561021a57600080fd5b50610223610400565b604051808273ffffffffffffffffffffffffffffffffffffffff1673ffffffffffffffffffffffffffffffffffffffff16815260200191505060405180910390f35b34801561027157600080fd5b5061030c600480360381019080803590602001908201803590602001908080601f0160208091040260200160405190810160405280939291908181526020018383808284378201915050505050509192919290803573ffffffffffffffffffffffffffffffffffffffff169060200190929190803573ffffffffffffffffffffffffffffffffffffffff169060200190929190505050610405565b6040518082815260200191505060405180910390f35b34801561032e57600080fd5b506103a9600480360381019080803590602001908201803590602001908080601f0160208091040260200160405190810160405280939291908181526020018383808284378201915050505050509192919290803573ffffffffffffffffffffffffffffffffffffffff16906020019092919050505061040e565b604051808273ffffffffffffffffffffffffffffffffffffffff1673ffffffffffffffffffffffffffffffffffffffff16815260200191505060405180910390f35b600090565b600092915050565b600092915050565b600090565b60009392505050565b6000929150505600a165627a7a7230582036624259369bc41a7c2e99e8d3278f00d1f1588ec2fdb3f31126c56f3d4c6aed0029","metadata":"{\"compiler\":{\"version\":\"0.4.25+commit.46d177ad.mod\"},\"language\":\"Solidity\",\"output\":{\"abi\":[{\"constant\":true,\"inputs\":[],\"name\":\"newEntry\",\"outputs\":[{\"name\":\"\",\"type\":\"address\"}],\"payable\":false,\"stateMutability\":\"view\",\"type\":\"function\"},{\"constant\":false,\"inputs\":[{\"name\":\"\",\"type\":\"string\"},{\"name\":\"\",\"type\":\"address\"}],\"name\":\"remove\",\"outputs\":[{\"name\":\"\",\"type\":\"int256\"}],\"payable\":false,\"stateMutability\":\"nonpayable\",\"type\":\"function\"},{\"constant\":false,\"inputs\":[{\"name\":\"\",\"type\":\"string\"},{\"name\":\"\",\"type\":\"address\"}],\"name\":\"insert\",\"outputs\":[{\"name\":\"\",\"type\":\"int256\"}],\"payable\":false,\"stateMutability\":\"nonpayable\",\"type\":\"function\"},{\"constant\":true,\"inputs\":[],\"name\":\"newCondition\",\"outputs\":[{\"name\":\"\",\"type\":\"address\"}],\"payable\":false,\"stateMutability\":\"view\",\"type\":\"function\"},{\"constant\":false,\"inputs\":[{\"name\":\"\",\"type\":\"string\"},{\"name\":\"\",\"type\":\"address\"},{\"name\":\"\",\"type\":\"address\"}],\"name\":\"update\",\"outputs\":[{\"name\":\"\",\"type\":\"int256\"}],\"payable\":false,\"stateMutability\":\"nonpayable\",\"type\":\"function\"},{\"constant\":true,\"inputs\":[{\"name\":\"\",\"type\":\"string\"},{\"name\":\"\",\"type\":\"address\"}],\"name\":\"select\",\"outputs\":[{\"name\":\"\",\"type\":\"address\"}],\"payable\":false,\"stateMutability\":\"view\",\"type\":\"function\"}],\"devdoc\":{\"methods\":{}},\"userdoc\":{\"methods\":{}}},\"settings\":{\"compilationTarget\":{\"/Users/eleven/Eleven/idea-conflux/solidity-compiler-java/build/resources/test/contracts/Table.sol\":\"Table\"},\"evmVersion\":\"byzantium\",\"libraries\":{},\"optimizer\":{\"enabled\":false,\"runs\":200},\"remappings\":[]},\"sources\":{\"/Users/eleven/Eleven/idea-conflux/solidity-compiler-java/build/resources/test/contracts/Table.sol\":{\"keccak256\":\"0x26c7b190b7f8d2e9dc65cbce4972ff9e7d57aa7ce77c35dcc292332c01870cbd\",\"urls\":[\"bzzr://39da515f93dd8b030f2fc9e3edf6822142e18cbb73d9b3b157fdfc55c92ec6ce\"]}},\"version\":1}"},"/Users/eleven/Eleven/idea-conflux/solidity-compiler-java/build/resources/test/contracts/Table.sol:TableFactory":{"abi":"[{\"constant\":false,\"inputs\":[{\"name\":\"\",\"type\":\"string\"},{\"name\":\"\",\"type\":\"string\"},{\"name\":\"\",\"type\":\"string\"}],\"name\":\"createTable\",\"outputs\":[{\"name\":\"\",\"type\":\"int256\"}],\"payable\":false,\"stateMutability\":\"nonpayable\",\"type\":\"function\"},{\"constant\":true,\"inputs\":[{\"name\":\"\",\"type\":\"string\"}],\"name\":\"openTable\",\"outputs\":[{\"name\":\"\",\"type\":\"address\"}],\"payable\":false,\"stateMutability\":\"view\",\"type\":\"function\"}]","bin":"608060405234801561001057600080fd5b5061023f806100206000396000f30060806040526004361061004c576000357c0100000000000000000000000000000000000000000000000000000000900463ffffffff16806356004b6a14610051578063f23f63c91461015a575b600080fd5b34801561005d57600080fd5b50610144600480360381019080803590602001908201803590602001908080601f0160208091040260200160405190810160405280939291908181526020018383808284378201915050505050509192919290803590602001908201803590602001908080601f0160208091040260200160405190810160405280939291908181526020018383808284378201915050505050509192919290803590602001908201803590602001908080601f0160208091040260200160405190810160405280939291908181526020018383808284378201915050505050509192919290505050610203565b6040518082815260200191505060405180910390f35b34801561016657600080fd5b506101c1600480360381019080803590602001908201803590602001908080601f016020809104026020016040519081016040528093929190818152602001838380828437820191505050505050919291929050505061020c565b604051808273ffffffffffffffffffffffffffffffffffffffff1673ffffffffffffffffffffffffffffffffffffffff16815260200191505060405180910390f35b60009392505050565b60009190505600a165627a7a723058204b10b0490c414f0994f5aca42c17c3ad8b0ce90d173fd00cb7e86c6eb4917d720029","metadata":"{\"compiler\":{\"version\":\"0.4.25+commit.46d177ad.mod\"},\"language\":\"Solidity\",\"output\":{\"abi\":[{\"constant\":false,\"inputs\":[{\"name\":\"\",\"type\":\"string\"},{\"name\":\"\",\"type\":\"string\"},{\"name\":\"\",\"type\":\"string\"}],\"name\":\"createTable\",\"outputs\":[{\"name\":\"\",\"type\":\"int256\"}],\"payable\":false,\"stateMutability\":\"nonpayable\",\"type\":\"function\"},{\"constant\":true,\"inputs\":[{\"name\":\"\",\"type\":\"string\"}],\"name\":\"openTable\",\"outputs\":[{\"name\":\"\",\"type\":\"address\"}],\"payable\":false,\"stateMutability\":\"view\",\"type\":\"function\"}],\"devdoc\":{\"methods\":{}},\"userdoc\":{\"methods\":{}}},\"settings\":{\"compilationTarget\":{\"/Users/eleven/Eleven/idea-conflux/solidity-compiler-java/build/resources/test/contracts/Table.sol\":\"TableFactory\"},\"evmVersion\":\"byzantium\",\"libraries\":{},\"optimizer\":{\"enabled\":false,\"runs\":200},\"remappings\":[]},\"sources\":{\"/Users/eleven/Eleven/idea-conflux/solidity-compiler-java/build/resources/test/contracts/Table.sol\":{\"keccak256\":\"0x26c7b190b7f8d2e9dc65cbce4972ff9e7d57aa7ce77c35dcc292332c01870cbd\",\"urls\":[\"bzzr://39da515f93dd8b030f2fc9e3edf6822142e18cbb73d9b3b157fdfc55c92ec6ce\"]}},\"version\":1}"}},"version":"0.4.25+commit.46d177ad.mod.Darwin.appleclang"}

]]></system-out>
  <system-err><![CDATA[]]></system-err>
</testsuite>
